2024-05-27 17:15:03 [express-server] http: IP: 127.0.0.1:38432 / URL: - / GET 200 73 - 2.136 ms

2024-05-28 10:51:40 [express-server] http: IP: 127.0.0.1:55924 / URL: - / GET 200 73 - 2.254 ms

2024-05-28 11:00:55 [express-server] http: IP: 127.0.0.1:44636 / URL: - / GET 200 73 - 4.136 ms

2024-05-28 11:02:05 [express-server] http: IP: 127.0.0.1:48198 / URL: - / GET 200 73 - 1.579 ms

2024-05-28 11:02:25 [express-server] http: IP: 127.0.0.1:59922 / URL: - / GET 200 73 - 0.684 ms

2024-05-28 11:05:57 [express-server] http: IP: 127.0.0.1:46770 / URL: - / GET 200 73 - 6.315 ms

2024-05-28 11:06:01 [express-server] http: IP: 127.0.0.1:46784 / URL: - / GET 200 73 - 0.498 ms

2024-05-28 11:52:47 [express-server] http: IP: 127.0.0.1:39370 / URL: - / GET 200 73 - 2.616 ms

2024-05-28 16:32:58 [express-server] http: IP: 1:59500 / URL: - / GET 304 - - 1.895 ms

2024-05-28 16:33:11 [express-server] http: IP: 1:59512 / URL: - / GET 304 - - 0.937 ms

2024-05-28 16:35:15 [express-server] http: IP: 1:57830 / URL: - / GET - - - - ms

2024-05-28 16:35:15 [express-server] http: IP: 1:48534 / URL: - / GET 304 - - 0.592 ms

2024-05-28 16:39:15 [express-server] http: IP: 1:60476 / URL: - / GET - - - - ms

2024-05-28 16:39:15 [express-server] http: IP: 1:60486 / URL: - / GET 304 - - 2.205 ms

2024-05-28 16:39:39 [express-server] http: IP: 1:42136 / URL: - / GET 200 83 - 1.024 ms

2024-05-28 16:44:56 [express-server] http: IP: 1:41812 / URL: - / GET 200 21 - 1.450 ms

2024-05-28 16:47:05 [express-server] http: IP: 1:34612 / URL: - / GET 200 48 - 1.411 ms

2024-05-28 16:48:10 [express-server] http: IP: 1:50780 / URL: - / GET 200 48 - 1.860 ms

2024-05-28 16:48:11 [express-server] http: IP: 1:50780 / URL: - / GET 200 48 - 0.481 ms

2024-05-28 16:48:15 [express-server] http: IP: 1:50780 / URL: - / GET 200 83 - 0.548 ms

2024-05-28 16:48:18 [express-server] http: IP: 1:50780 / URL: - / GET 200 48 - 0.656 ms

2024-05-28 16:57:16 [express-server] http: IP: 1:32802 / URL: - / GET 200 48 - 1.298 ms

2024-05-28 16:57:18 [express-server] http: IP: 1:32802 / URL: - / GET 200 48 - 0.837 ms

2024-05-28 16:57:22 [express-server] http: IP: 1:32802 / URL: - / GET 404 139 - 1.224 ms

2024-05-28 16:58:18 [express-server] http: IP: 1:44604 / URL: - / GET 200 83 - 1.937 ms

2024-05-28 16:58:22 [express-server] http: IP: 1:44604 / URL: - / GET 200 48 - 0.538 ms

2024-05-28 17:11:43 [express-server] http: IP: 1:54238 / URL: - / GET - - - - ms

2024-05-28 17:11:45 [express-server] http: IP: 1:40950 / URL: - / GET - - - - ms

2024-05-28 17:13:10 [express-server] http: IP: 1:34660 / URL: - /users GET 404 144 - 1.469 ms

2024-05-28 17:13:11 [express-server] http: IP: 1:34660 / URL: - /users GET 404 144 - 0.423 ms

2024-05-28 17:13:17 [express-server] http: IP: 1:35324 / URL: - / GET 404 139 - 0.208 ms

2024-05-28 17:13:18 [express-server] http: IP: 1:35324 / URL: - / GET 404 139 - 0.274 ms

2024-05-28 17:13:19 [express-server] http: IP: 1:35324 / URL: - / GET 404 139 - 0.208 ms

2024-05-28 17:13:19 [express-server] http: IP: 1:35324 / URL: - / GET 404 139 - 1.168 ms

2024-05-28 17:13:20 [express-server] http: IP: 1:35324 / URL: - / GET 404 139 - 0.575 ms

2024-05-28 17:14:19 [express-server] http: IP: 1:46876 / URL: - / GET 200 50 - 1.456 ms

2024-05-28 17:14:27 [express-server] http: IP: 1:37262 / URL: - / GET 200 50 - 0.485 ms

2024-05-28 17:17:05 [express-server] http: IP: 1:57662 / URL: - /users GET 200 50 - 1.990 ms

2024-05-28 17:17:16 [express-server] http: IP: 1:54790 / URL: - / GET 404 139 - 2.359 ms

2024-05-28 17:25:34 [express-server] http: IP: 1:40486 / URL: - / GET 200 83 - 4.610 ms

2024-05-28 17:25:49 [express-server] http: IP: 1:41264 / URL: - /usersApi/users GET 200 83 - 1.284 ms

2024-05-28 17:26:05 [express-server] http: IP: 1:59366 / URL: - /users GET 200 50 - 0.520 ms

2024-05-28 17:28:52 [express-server] http: IP: 1:47362 / URL: - / GET 304 - - 1.398 ms

2024-05-28 17:29:03 [express-server] http: IP: 1:47378 / URL: - /users GET 200 50 - 0.727 ms

